[03/03/2026 18:02:00] 🚀 Iniciando backup completo: deadbot_backup_20260303_180200.tar.gz
[03/03/2026 18:02:01] 📂 Raiz do bot: /storage/emulated/0/DeadBoT
[03/03/2026 18:02:08] ✅ Backup criado! Tamanho: 32M
[03/03/2026 18:02:08] 📦 Backups salvos: 1/4
[03/03/2026 18:02:08] ✔️  Concluído: deadbot_backup_20260303_180200.tar.gz
[03/03/2026 18:02:08] ───────────────────────────────────────────────
[03/03/2026 18:08:13] 🚀 Iniciando backup completo: deadbot_backup_20260303_180813.tar.gz
[03/03/2026 18:08:13] 📂 Raiz do bot: /storage/emulated/0/DeadBoT
[03/03/2026 18:08:20] ✅ Backup criado! Tamanho: 32M
[03/03/2026 18:08:20] 📦 Backups salvos: 2/4
[03/03/2026 18:08:20] ✔️  Concluído: deadbot_backup_20260303_180813.tar.gz
[03/03/2026 18:08:20] ───────────────────────────────────────────────
[03/03/2026 18:13:59] 🚀 Iniciando backup completo: deadbot_backup_20260303_181359.tar.gz
[03/03/2026 18:13:59] 📂 Raiz do bot: /storage/emulated/0/DeadBoT
[03/03/2026 18:14:07] ✅ Backup criado! Tamanho: 32M
[03/03/2026 18:14:07] 📦 Backups salvos: 3/4
[03/03/2026 18:14:07] ✔️  Concluído: deadbot_backup_20260303_181359.tar.gz
[03/03/2026 18:14:07] ───────────────────────────────────────────────
[04/03/2026 00:10:11] 🚀 Iniciando backup completo: deadbot_backup_20260304_001011.tar.gz
[04/03/2026 00:10:11] 📂 Raiz do bot: /storage/emulated/0/DeadBoT
[04/03/2026 00:10:23] ✅ Backup criado! Tamanho: 32M
[04/03/2026 00:10:23] 📦 Backups salvos: 4/4
[04/03/2026 00:10:23] ✔️  Concluído: deadbot_backup_20260304_001011.tar.gz
[04/03/2026 00:10:23] ───────────────────────────────────────────────
